C:\USERS\LUCA\DESKTOP\LESSON10\WORLD-SPACE\DEBUG\LESSON10.OBJ
C:\USERS\LUCA\DESKTOP\LESSON10\WORLD-SPACE\DEBUG\MILKSHAPEMODEL.OBJ
C:\USERS\LUCA\DESKTOP\LESSON10\WORLD-SPACE\DEBUG\MODEL.OBJ
C:\USERS\LUCA\DESKTOP\LESSON10\WORLD-SPACE\DEBUG\VC100.PDB
C:\USERS\LUCA\DESKTOP\LESSON10\WORLD-SPACE\DEBUG\VC110.PDB
C:\USERS\LUCA\DESKTOP\LESSON10\WORLD-SPACE\DEBUG\LESSON10.EXE.EMBED.MANIFEST.RES
C:\Users\Luca\Desktop\lesson10\World-Space\Debug\lesson10.obj
C:\Users\Luca\Desktop\lesson10\World-Space\Debug\MilkshapeModel.obj
C:\Users\Luca\Desktop\lesson10\World-Space\Debug\Model.obj
C:\Users\Luca\Desktop\lesson10\World-Space\Debug\cl.command.1.tlog
C:\Users\Luca\Desktop\lesson10\World-Space\Debug\CL.read.1.tlog
C:\Users\Luca\Desktop\lesson10\World-Space\Debug\CL.write.1.tlog
C:\Users\Luca\Desktop\lesson10\World-Space\Debug\lesson10.write.1.tlog
C:\Users\Luca\Desktop\lesson10\World-Space\Debug\link.command.1.tlog
C:\Users\Luca\Desktop\lesson10\World-Space\Debug\link.read.1.tlog
C:\Users\Luca\Desktop\lesson10\World-Space\Debug\link.write.1.tlog
C:\Users\Luca\Desktop\lesson10\World-Space\Debug\rc.command.1.tlog
C:\Users\Luca\Desktop\lesson10\World-Space\Debug\rc.read.1.tlog
C:\Users\Luca\Desktop\lesson10\World-Space\Debug\rc.write.1.tlog
C:\Users\Luca\Desktop\lesson10\World-Space\Debug\lesson10.exe.embed.manifest
C:\Users\Luca\Desktop\lesson10\World-Space\Debug\lesson10.exe.embed.manifest.res
C:\Users\Luca\Desktop\lesson10\World-Space\Debug\vc100.idb
C:\Users\Luca\Desktop\lesson10\World-Space\Debug\vc110.idb
C:\Users\Luca\Desktop\lesson10\World-Space\Debug\vc100.pdb
C:\Users\Luca\Desktop\lesson10\World-Space\Debug\vc110.pdb
C:\Users\Luca\Desktop\lesson10\World-Space\Debug\lesson10_manifest.rc
