Compilazione avviata 27/11/2014 10:01:16.
     1>Progetto "C:\Users\Luca\Desktop\lesson10\lesson10.vcxproj" sul nodo 2 (destinazioni: build).
     1>InitializeBuildStatus:
         Creazione di ".\Debug\lesson10.unsuccessfulbuild". È stato specificato "AlwaysCreate".
       ClCompile:
         C:\Program Files\Microsoft Visual Studio 10.0\VC\bin\CL.exe /c /ZI /nologo /W3 /WX- /Od /Oy- /D WIN32 /D _DEBUG /D _WINDOWS /D _VC80_UPGRADE=0x0600 /D _MBCS /Gm /EHsc /RTC1 /MTd /GS /Gy- /fp:precise /Zc:wchar_t /Zc:forScope /Fo".\Debug\\" /Fd".\Debug\vc100.pdb" /Gd /TP /analyze- /errorReport:prompt lesson10.cpp
         lesson10.cpp
     1>c:\users\luca\desktop\lesson10\lesson10.cpp(92): warning C4996: 'fopen': This function or variable may be unsafe. Consider using fopen_s instead. To disable deprecation, use _CRT_SECURE_NO_WARNINGS. See online help for details.
                 c:\program files\microsoft visual studio 10.0\vc\include\stdio.h(234): vedere la dichiarazione di 'fopen'
     1>c:\users\luca\desktop\lesson10\lesson10.cpp(303): warning C4244: 'argomento': conversione da 'float' a 'GLint'. Possibile perdita di dati.
     1>c:\users\luca\desktop\lesson10\lesson10.cpp(356): warning C4244: 'argomento': conversione da 'float' a 'GLint'. Possibile perdita di dati.
     1>c:\users\luca\desktop\lesson10\lesson10.cpp(373): warning C4244: 'argomento': conversione da 'float' a 'GLint'. Possibile perdita di dati.
     1>c:\users\luca\desktop\lesson10\lesson10.cpp(384): warning C4244: 'argomento': conversione da 'float' a 'GLint'. Possibile perdita di dati.
       ManifestResourceCompile:
         Tutti gli output sono aggiornati.
       Link:
         C:\Program Files\Microsoft Visual Studio 10.0\VC\bin\link.exe /ERRORREPORT:PROMPT /OUT:".\Debug\lesson10.exe" /INCREMENTAL /NOLOGO opengl32.lib glu32.lib glaux.lib odbc32.lib odbccp32.lib kernel32.lib user32.lib gdi32.lib winspool.lib comdlg32.lib advapi32.lib shell32.lib ole32.lib oleaut32.lib uuid.lib odbc32.lib odbccp32.lib /MANIFEST /ManifestFile:".\Debug\lesson10.exe.intermediate.manifest" /MANIFESTUAC:"level='asInvoker' uiAccess='false'" /DEBUG /PDB:"C:\Users\Luca\Desktop\lesson10\Debug\lesson10.pdb" /SUBSYSTEM:WINDOWS /TLBID:1 /DYNAMICBASE /NXCOMPAT /IMPLIB:".\Debug\lesson10.lib" /MACHINE:X86 .\Debug\lesson10.exe.embed.manifest.res
         .\Debug\lesson10.obj
         .\Debug\MilkshapeModel.obj
         .\Debug\Model.obj
       Manifest:
         C:\Program Files\Microsoft SDKs\Windows\v7.0A\bin\mt.exe /nologo /verbose /out:".\Debug\lesson10.exe.embed.manifest" /manifest .\Debug\lesson10.exe.intermediate.manifest
         Tutti gli output sono aggiornati.
       LinkEmbedManifest:
         Tutti gli output sono aggiornati.
         lesson10.vcxproj -> C:\Users\Luca\Desktop\lesson10\.\Debug\lesson10.exe
       FinalizeBuildStatus:
         Eliminazione del file ".\Debug\lesson10.unsuccessfulbuild" in corso.
         Aggiornamento timestamp di ".\Debug\lesson10.lastbuildstate".
     1>Compilazione progetto "C:\Users\Luca\Desktop\lesson10\lesson10.vcxproj" (destinazioni: build) completata.

Compilazione completata.

Tempo trascorso 00:00:01.76
